Mon Mar 09 20:23:57 CST 2020 : Apache Derby Network Server - 10.11.1.2 - (1629631) started and ready to accept connections on port 1527
----------------------------------------------------------------
Mon Mar 09 20:23:57 CST 2020:
Booting Derby version The Apache Software Foundation - Apache Derby - 10.11.1.2 - (1629631): instance a816c00e-0170-bf40-6169-fffff7f4aa1a 
on database directory C:\Users\Rikiya\Documents\NetBeansProjects\Password Manager\Password Manager DB with class loader sun.misc.Launcher$AppClassLoader@2b193f2d 
Loaded from file:/C:/Program%20Files/Java/jdk1.8.0_111/db/lib/derby.jar
java.vendor=Oracle Corporation
java.runtime.version=1.8.0_111-b14
user.dir=C:\Program Files\Java\jdk1.8.0_111\db
os.name=Windows 10
os.arch=amd64
os.version=10.0
derby.system.home=C:\Users\Rikiya\Documents\NetBeansProjects\Password Manager
Database Class Loader started - derby.database.classpath=''
----------------------------------------------------------------
Mon Mar 09 20:27:28 CST 2020: Shutting down Derby engine
----------------------------------------------------------------
Mon Mar 09 20:27:28 CST 2020:
Shutting down instance a816c00e-0170-bf40-6169-fffff7f4aa1a on database directory C:\Users\Rikiya\Documents\NetBeansProjects\Password Manager\Password Manager DB with class loader sun.misc.Launcher$AppClassLoader@2b193f2d 
----------------------------------------------------------------
